mode: set
gover/main.go:7.13,10.2 2 0
gover/cmd/root.go:17.38,31.68 2 0
gover/cmd/root.go:31.68,33.18 1 0
gover/cmd/root.go:33.18,35.19 2 0
gover/cmd/root.go:35.19,37.6 1 0
gover/cmd/root.go:38.5,38.12 1 0
gover/cmd/root.go:40.4,41.11 2 0
gover/cmd/root.go:41.11,43.5 1 0
gover/cmd/root.go:44.4,44.14 1 0
gover/cmd/root.go:46.48,47.13 1 0
gover/cmd/root.go:47.13,49.5 1 0
gover/cmd/root.go:50.4,51.14 2 0
gover/cmd/root.go:56.2,58.16 3 0
gover/cmd/root.go:62.41,77.68 3 0
gover/cmd/root.go:77.68,79.68 1 0
gover/cmd/root.go:79.68,81.5 1 0
gover/cmd/root.go:83.4,83.18 1 0
gover/cmd/root.go:83.18,85.5 1 0
gover/cmd/root.go:85.10,87.5 1 0
gover/cmd/root.go:88.4,88.14 1 0
gover/cmd/root.go:90.48,96.24 2 0
gover/cmd/root.go:96.24,99.5 2 0
gover/cmd/root.go:100.4,101.44 2 0
gover/cmd/root.go:106.2,108.19 3 0
gover/cmd/root.go:111.67,115.16 3 0
gover/cmd/root.go:115.16,117.3 1 0
gover/cmd/root.go:120.2,122.15 2 0
gover/cmd/root.go:126.52,127.43 1 0
gover/cmd/root.go:127.43,132.40 2 0
gover/cmd/root.go:132.40,135.4 2 0
gover/internal/utils/envparse.go:29.37,30.16 1 0
gover/internal/utils/envparse.go:30.16,32.3 1 0
gover/internal/utils/envparse.go:33.2,33.48 1 0
gover/internal/utils/envparse.go:36.44,41.2 1 0
gover/internal/utils/envparse.go:43.35,50.28 4 1
gover/internal/utils/envparse.go:50.28,52.3 1 1
gover/internal/utils/envparse.go:52.8,52.35 1 0
gover/internal/utils/envparse.go:52.35,54.3 1 0
gover/internal/utils/envparse.go:55.2,55.15 1 1
gover/internal/utils/envparse.go:55.15,57.3 1 0
gover/internal/utils/envparse.go:59.2,59.74 1 1
gover/internal/utils/envparse.go:59.74,61.3 1 0
gover/internal/utils/envparse.go:61.8,64.3 1 1
gover/internal/utils/envparse.go:66.2,66.24 1 1
gover/internal/utils/envparse.go:66.24,68.3 1 0
gover/internal/utils/envparse.go:70.2,70.62 1 1
gover/internal/utils/envparse.go:73.42,76.15 2 1
gover/internal/utils/envparse.go:76.15,78.3 1 0
gover/internal/utils/envparse.go:81.2,89.27 3 1
gover/internal/utils/envparse.go:89.27,92.3 2 0
gover/internal/utils/envparse.go:93.2,94.16 2 1
gover/internal/utils/envparse.go:94.16,98.3 2 0
gover/internal/utils/envparse.go:100.2,106.21 3 1
gover/internal/utils/envparse.go:106.21,109.17 3 1
gover/internal/utils/envparse.go:109.17,112.4 2 0
gover/internal/utils/envparse.go:115.3,115.17 1 1
gover/internal/utils/envparse.go:115.17,117.4 1 1
gover/internal/utils/envparse.go:119.2,119.38 1 1
gover/internal/utils/envparse.go:119.38,122.3 2 0
gover/internal/utils/envparse.go:123.2,124.16 2 1
gover/internal/utils/envparse.go:124.16,126.3 1 0
gover/internal/utils/envparse.go:126.8,128.3 1 1
gover/internal/utils/envparse.go:129.2,130.16 2 1
gover/internal/utils/envparse.go:130.16,133.3 2 0
gover/internal/utils/envparse.go:133.8,135.3 1 1
gover/internal/utils/envparse.go:136.2,137.16 2 1
gover/internal/utils/envparse.go:137.16,139.3 1 0
gover/internal/utils/envparse.go:139.8,141.3 1 1
gover/internal/utils/envparse.go:142.2,142.67 1 1
gover/internal/utils/envparse.go:142.67,144.3 1 0
gover/internal/utils/envparse.go:145.2,145.20 1 1
gover/internal/utils/envparse.go:148.53,150.45 1 1
gover/internal/utils/envparse.go:150.45,152.3 1 1
gover/internal/utils/envparse.go:154.2,155.11 2 1
gover/internal/utils/envparse.go:155.11,157.3 1 0
gover/internal/utils/envparse.go:160.2,165.17 4 1
gover/internal/utils/envparse.go:165.17,167.3 1 0
gover/internal/utils/envparse.go:170.2,170.17 1 1
gover/internal/utils/envparse.go:170.17,172.3 1 0
gover/internal/utils/envparse.go:175.2,175.18 1 1
gover/internal/utils/envparse.go:175.18,177.3 1 0
gover/internal/utils/envparse.go:179.2,179.18 1 1
gover/internal/utils/envparse.go:182.30,185.2 1 1
gover/internal/utils/utils.go:10.44,14.49 1 1
gover/internal/utils/utils.go:14.49,16.3 1 0
gover/internal/utils/utils.go:17.2,18.16 2 1
gover/internal/utils/utils.go:18.16,20.3 1 0
gover/internal/utils/utils.go:21.2,21.15 1 1
gover/internal/utils/utils.go:24.38,26.16 2 0
gover/internal/utils/utils.go:26.16,27.13 1 0
gover/internal/utils/utils.go:30.2,30.30 1 0
gover/internal/utils/utils.go:33.43,37.2 1 0
gover/pkg/config/config.go:12.13,21.2 1 1
gover/pkg/config/config.go:24.61,26.20 2 1
gover/pkg/config/config.go:26.20,32.17 6 1
gover/pkg/config/config.go:32.17,34.4 1 0
gover/pkg/config/config.go:36.2,37.20 2 1
gover/pkg/config/config.go:37.20,38.39 1 0
gover/pkg/config/config.go:38.39,40.4 1 0
gover/pkg/config/config.go:43.2,46.48 3 1
gover/pkg/config/config.go:46.48,48.3 1 0
gover/pkg/config/config.go:50.2,51.15 2 1
gover/pkg/config/config.go:51.15,53.3 1 0
gover/pkg/config/config.go:54.2,54.17 1 1
gover/pkg/config/config.go:57.34,59.2 1 1
gover/pkg/config/config.go:61.52,65.40 3 0
gover/pkg/config/config.go:65.40,67.33 2 0
gover/pkg/config/config.go:67.33,69.4 1 0
gover/pkg/config/config.go:71.2,71.22 1 0
gover/pkg/config/config.go:71.22,73.3 1 0
gover/pkg/config/config.go:74.2,74.18 1 0
gover/pkg/config/types.go:21.47,26.2 3 0
